[debug] [2025-12-13T11:19:15.533Z] ----------------------------------------------------------------------
[debug] [2025-12-13T11:19:15.534Z] Command:       /opt/homebrew/Cellar/node@20/20.19.5/bin/node /opt/homebrew/bin/firebase init functions --non-interactive
[debug] [2025-12-13T11:19:15.534Z] CLI Version:   14.22.0
[debug] [2025-12-13T11:19:15.534Z] Platform:      darwin
[debug] [2025-12-13T11:19:15.534Z] Node Version:  v20.19.5
[debug] [2025-12-13T11:19:15.534Z] Time:          Sat Dec 13 2025 20:19:15 GMT+0900 (Japan Standard Time)
[debug] [2025-12-13T11:19:15.534Z] ----------------------------------------------------------------------
[debug] 
[info] 
     ######## #### ########  ######## ########     ###     ######  ########
     ##        ##  ##     ## ##       ##     ##  ##   ##  ##       ##
     ######    ##  ########  ######   ########  #########  ######  ######
     ##        ##  ##    ##  ##       ##     ## ##     ##       ## ##
     ##       #### ##     ## ######## ########  ##     ##  ######  ########

You're about to initialize a Firebase project in this directory:

  /Users/t.asai/code/fractal-hp

Before we get started, keep in mind:

  * You are initializing within an existing Firebase project directory

[info] 
=== Project Setup
[info] 
[info] First, let's associate this project directory with a Firebase project.
[info] You can create multiple project aliases by running firebase use --add, 
[info] 
[debug] [2025-12-13T11:19:15.605Z] > command requires scopes: ["email","openid","https://www.googleapis.com/auth/cloudplatformprojects.readonly","https://www.googleapis.com/auth/firebase","https://www.googleapis.com/auth/cloud-platform"]
[debug] [2025-12-13T11:19:15.814Z] Running auto auth
[debug] [2025-12-13T11:19:15.814Z] No OAuth tokens found
[debug] [2025-12-13T11:19:15.815Z] >>> [apiv2][query] GET https://firebase.googleapis.com/v1beta1/projects/fractal-hokan-funabashi [none]
[debug] [2025-12-13T11:19:16.156Z] <<< [apiv2][status] GET https://firebase.googleapis.com/v1beta1/projects/fractal-hokan-funabashi 200
[debug] [2025-12-13T11:19:16.156Z] <<< [apiv2][body] GET https://firebase.googleapis.com/v1beta1/projects/fractal-hokan-funabashi {"projectId":"fractal-hokan-funabashi","projectNumber":"32487218832","displayName":"fractal-hokan-funabashi","name":"projects/fractal-hokan-funabashi","resources":{"hostingSite":"fractal-hokan-funabashi"},"state":"ACTIVE","etag":"1_ba2ae302-a34d-4ac9-a91b-af4047c61d5c"}
[info] i  Using project fractal-hokan-funabashi (fractal-hokan-funabashi) . 
[info] 
=== Functions Setup
[debug] [2025-12-13T11:19:16.166Z] > command requires scopes: ["email","openid","https://www.googleapis.com/auth/cloudplatformprojects.readonly","https://www.googleapis.com/auth/firebase","https://www.googleapis.com/auth/cloud-platform"]
[debug] [2025-12-13T11:19:16.166Z] Running auto auth
[debug] [2025-12-13T11:19:16.166Z] [iam] checking project fractal-hokan-funabashi for permissions ["firebase.projects.get"]
[debug] [2025-12-13T11:19:16.166Z] No OAuth tokens found
[debug] [2025-12-13T11:19:16.167Z] >>> [apiv2][query] POST https://cloudresourcemanager.googleapis.com/v1/projects/fractal-hokan-funabashi:testIamPermissions [none]
[debug] [2025-12-13T11:19:16.167Z] >>> [apiv2][(partial)header] POST https://cloudresourcemanager.googleapis.com/v1/projects/fractal-hokan-funabashi:testIamPermissions x-goog-quota-user=projects/fractal-hokan-funabashi
[debug] [2025-12-13T11:19:16.167Z] >>> [apiv2][body] POST https://cloudresourcemanager.googleapis.com/v1/projects/fractal-hokan-funabashi:testIamPermissions {"permissions":["firebase.projects.get"]}
[debug] [2025-12-13T11:19:16.802Z] <<< [apiv2][status] POST https://cloudresourcemanager.googleapis.com/v1/projects/fractal-hokan-funabashi:testIamPermissions 200
[debug] [2025-12-13T11:19:16.802Z] <<< [apiv2][body] POST https://cloudresourcemanager.googleapis.com/v1/projects/fractal-hokan-funabashi:testIamPermissions {"permissions":["firebase.projects.get"]}
[debug] [2025-12-13T11:19:16.803Z] No OAuth tokens found
[debug] [2025-12-13T11:19:16.803Z] No OAuth tokens found
[debug] [2025-12-13T11:19:16.803Z] >>> [apiv2][query] GET https://serviceusage.googleapis.com/v1/projects/fractal-hokan-funabashi/services/cloudfunctions.googleapis.com [none]
[debug] [2025-12-13T11:19:16.803Z] >>> [apiv2][(partial)header] GET https://serviceusage.googleapis.com/v1/projects/fractal-hokan-funabashi/services/cloudfunctions.googleapis.com x-goog-quota-user=projects/fractal-hokan-funabashi
[debug] [2025-12-13T11:19:16.805Z] >>> [apiv2][query] GET https://serviceusage.googleapis.com/v1/projects/fractal-hokan-funabashi/services/runtimeconfig.googleapis.com [none]
[debug] [2025-12-13T11:19:16.805Z] >>> [apiv2][(partial)header] GET https://serviceusage.googleapis.com/v1/projects/fractal-hokan-funabashi/services/runtimeconfig.googleapis.com x-goog-quota-user=projects/fractal-hokan-funabashi
[debug] [2025-12-13T11:19:17.796Z] <<< [apiv2][status] GET https://serviceusage.googleapis.com/v1/projects/fractal-hokan-funabashi/services/runtimeconfig.googleapis.com 200
[debug] [2025-12-13T11:19:17.796Z] <<< [apiv2][body] GET https://serviceusage.googleapis.com/v1/projects/fractal-hokan-funabashi/services/runtimeconfig.googleapis.com [omitted]
[debug] [2025-12-13T11:19:17.895Z] <<< [apiv2][status] GET https://serviceusage.googleapis.com/v1/projects/fractal-hokan-funabashi/services/cloudfunctions.googleapis.com 200
[debug] [2025-12-13T11:19:17.895Z] <<< [apiv2][body] GET https://serviceusage.googleapis.com/v1/projects/fractal-hokan-funabashi/services/cloudfunctions.googleapis.com [omitted]
[debug] [2025-12-13T11:19:17.895Z] No OAuth tokens found
[debug] [2025-12-13T11:19:17.896Z] >>> [apiv2][query] POST https://serviceusage.googleapis.com/v1/projects/fractal-hokan-funabashi/services/cloudfunctions.googleapis.com:enable [none]
[debug] [2025-12-13T11:19:17.896Z] >>> [apiv2][(partial)header] POST https://serviceusage.googleapis.com/v1/projects/fractal-hokan-funabashi/services/cloudfunctions.googleapis.com:enable x-goog-quota-user=projects/fractal-hokan-funabashi
[debug] [2025-12-13T11:19:18.930Z] <<< [apiv2][status] POST https://serviceusage.googleapis.com/v1/projects/fractal-hokan-funabashi/services/cloudfunctions.googleapis.com:enable 200
[debug] [2025-12-13T11:19:18.930Z] <<< [apiv2][body] POST https://serviceusage.googleapis.com/v1/projects/fractal-hokan-funabashi/services/cloudfunctions.googleapis.com:enable [omitted]
[info] Let's create a new codebase for your functions.
[info] A directory corresponding to the codebase will be created in your project
[info] with sample code pre-configured.

[info] See https://firebase.google.com/docs/functions/organize-functions for
[info] more information on organizing your functions using codebases.

[info] Functions can be deployed with firebase deploy.

